\BOOKMARK [1][]{section.0.1}{The Selection Process}{}% 1
\BOOKMARK [1][]{section.0.2}{Peer-Commentary Process}{}% 2
\BOOKMARK [1][]{section.0.3}{Observed Trends}{}% 3
\BOOKMARK [1][]{section.0.4}{Future Directions: How can NIME Continue to be Relevant?}{}% 4
\BOOKMARK [0][]{section*.14}{2001: Principles for Designing Computer Music Controllers}{}% 5
\BOOKMARK [0][]{section*.14}{Perry Cook}{}% 6
\BOOKMARK [0][]{section*.22}{2001: Problems and Prospects for Intimate Musical Control of Computers}{}% 7
\BOOKMARK [0][]{section*.22}{David Wessel and Matthew Wright}{}% 8
\BOOKMARK [0][]{section*.27}{2002: The importance of parameter mapping in electronic instrument design}{}% 9
\BOOKMARK [0][]{section*.27}{Andy Hunt, Marcelo M. Wanderley and Matthew Paradis}{}% 10
\BOOKMARK [0][]{section*.32}{2002: Multimodal Interaction in Music Using the Electromyogram and Relative Position Sensing}{}% 11
\BOOKMARK [0][]{section*.32}{Atau Tanaka and R. Benjamin Knapp}{}% 12
\BOOKMARK [0][]{section*.37}{2002: The Plank: Designing a Simple Haptic Controller}{}% 13
\BOOKMARK [0][]{section*.37}{Bill Verplank, Michael Gurevich and Max Mathews}{}% 14
\BOOKMARK [0][]{section*.42}{2003: Contexts of Collaborative Musical Experiences}{}% 15
\BOOKMARK [0][]{section*.42}{Tina Blaine and Sidney Fels}{}% 16
\BOOKMARK [0][]{section*.47}{2003: Sonigraphical Instruments: From FMOL to the reacTable*}{}% 17
\BOOKMARK [0][]{section*.47}{Sergi Jord\340}{}% 18
\BOOKMARK [0][]{section*.52}{2003: Designing, Playing, and Performing with a Vision-based Mouth Interface}{}% 19
\BOOKMARK [0][]{section*.52}{Michael J. Lyons, Michael H\344hnel, and Nobuji Tetsutani}{}% 20
\BOOKMARK [0][]{section*.57}{2003: OpenSound Control: State of the Art 2003}{}% 21
\BOOKMARK [0][]{section*.57}{Wright et al.}{}% 22
\BOOKMARK [0][]{section*.61}{2004: The Electronic Sitar Controller}{}% 23
\BOOKMARK [0][]{section*.61}{Ajay Kapur, Ariel J. Lazier, Philip Davidson, R. Scott Wilson and Perry R. Cook}{}% 24
\BOOKMARK [0][]{section*.66}{2004: PebbleBox and CrumbleBag: Tactile Interfaces for Granular Synthesis}{}% 25
\BOOKMARK [0][]{section*.66}{Sile O'Modhrain and Georg Essl}{}% 26
\BOOKMARK [0][]{section*.71}{2004: Toward a Generalized Friction Controller: From the Bowed String to Unusual Musical Instruments}{}% 27
\BOOKMARK [0][]{section*.71}{Stefania Serafin and Diana Young}{}% 28
\BOOKMARK [0][]{section*.76}{2004: On-the-fly Programming: Using Code as an Expressive Musical Instrument}{}% 29
\BOOKMARK [0][]{section*.76}{Ge Wang and Perry R. Cook}{}% 30
\BOOKMARK [0][]{section*.81}{2005: Towards a Dimension Space for Musical Devices}{}% 31
\BOOKMARK [0][]{section*.81}{David Birnbaum, Rebecca Fiebrink, Joseph Malloch, and Marcelo M. Wanderley}{}% 32
\BOOKMARK [0][]{section*.86}{2005: The Overtone Violin}{}% 33
\BOOKMARK [0][]{section*.86}{Dan Overholt}{}% 34
\BOOKMARK [0][]{section*.91}{2006: Sensemble: A Wireless, Compact, Multi-User Sensor System for Interactive Dance}{}% 35
\BOOKMARK [0][]{section*.91}{Ryan Aylward and Joseph A. Paradiso}{}% 36
\BOOKMARK [0][]{section*.96}{2006: Mobile Music Technology: Report on an Emerging Community}{}% 37
\BOOKMARK [0][]{section*.96}{Lalya Gaye, Lars Erik Holmquist, Frauke Behrendt and Atau Tanaka}{}% 38
\BOOKMARK [0][]{section*.101}{2007: Wireless Sensor Interface and Gesture-Follower for Music Pedagogy}{}% 39
\BOOKMARK [0][]{section*.101}{Frederic Bevilacqua, Fabrice Gu\351dy, Norbert Schnell, Emmanuel Fl\351ty, Nicolas Leroy}{}% 40
\BOOKMARK [0][]{section*.106}{2007: Don't Forget the Laptop: Using Native Input Capabilities for Expressive Musical Control}{}% 41
\BOOKMARK [0][]{section*.106}{Rebecca Fiebrink, Ge Wang and Perry R. Cook}{}% 42
\BOOKMARK [0][]{section*.111}{2007: Expression and its Discontents: Toward an Ecology of Musical Creation}{}% 43
\BOOKMARK [0][]{section*.111}{Michael Gurevich and Jeffrey Trevi\361o}{}% 44
\BOOKMARK [0][]{section*.116}{2007: The Acoustic, the Digital and the Body: A Survey on Musical Instruments}{}% 45
\BOOKMARK [0][]{section*.116}{Thor Magnusson and Enrike Hurtado}{}% 46
\BOOKMARK [0][]{section*.121}{2008: Eight Years of Practice on the Hyper-Flute: Technological and Musical Perspectives}{}% 47
\BOOKMARK [0][]{section*.121}{Cl\351o Palacio-Quintin}{}% 48
\BOOKMARK [0][]{section*.126}{2009: A History of Hemispherical Speakers at Princeton, Plus a DIY Guide}{}% 49
\BOOKMARK [0][]{section*.126}{Scott Smallwood, Perry Cook, Dan Trueman and Lawrence McIntyre}{}% 50
\BOOKMARK [0][]{section*.131}{2011: Satellite CCRMA: A Musical Interaction and Sound Synthesis Platform}{}% 51
\BOOKMARK [0][]{section*.131}{Edgar Berdahl and Wendy Ju}{}% 52
\BOOKMARK [0][]{section*.136}{2012: The Fingerphone: a Case Study of Sustainable Instrument Redesign}{}% 53
\BOOKMARK [0][]{section*.136}{Adrian Freed}{}% 54
\BOOKMARK [0][]{section*.141}{2012: To be inside someone else's dream: Music for Sleeping \046 Waking Minds}{}% 55
\BOOKMARK [0][]{section*.141}{Gascia Ouzounian, R. Benjamin Knapp, Eric Lyon and R. Luke DuBois}{}% 56
\BOOKMARK [0][]{section*.146}{2012: TouchKeys: Capacitive Multi-Touch Sensing on a Physical Keyboard}{}% 57
\BOOKMARK [0][]{section*.146}{Andrew McPherson}{}% 58
\BOOKMARK [0][]{section*.151}{2013: The Web Browser As Synthesizer And Interface}{}% 59
\BOOKMARK [0][]{section*.151}{Charles Roberts, Graham Wakefield, Matthew Wright}{}% 60
\BOOKMARK [0][]{section*.156}{2014: To Gesture or Not? An Analysis of Terminology in NIME Proceedings 2001\2052013}{}% 61
\BOOKMARK [0][]{section*.156}{Alexander Refsum Jensenius}{}% 62
\BOOKMARK [0][]{section*.161}{2015: Fourteen Years of NIME: The Value and Meaning of `Community' in Interactive Music Research}{}% 63
\BOOKMARK [0][]{section*.161}{Adnan Marquez-Borbon and Paul Stapleton}{}% 64
\BOOKMARK [0][]{chapter*.166}{Glossary}{}% 65
\BOOKMARK [0][]{chapter*.375}{References}{}% 66
