\BOOKMARK [1][]{section.0.1}{Editors}{}% 1
\BOOKMARK [1][]{section.0.2}{Bibliographic information}{}% 2
\BOOKMARK [0][]{section*.10}{2001: Principles for Designing Computer Music Controllers}{}% 3
\BOOKMARK [0][]{section*.10}{Perry Cook}{}% 4
\BOOKMARK [0][]{section*.18}{2001: Problems and Prospects for Intimate Musical Control of Computers}{}% 5
\BOOKMARK [0][]{section*.18}{David Wessel and Matthew Wright}{}% 6
\BOOKMARK [0][]{section*.23}{2002: The importance of parameter mapping in electronic instrument design}{}% 7
\BOOKMARK [0][]{section*.23}{Andy Hunt, Marcelo M. Wanderley and Matthew Paradis}{}% 8
\BOOKMARK [0][]{section*.28}{2002: Multimodal Interaction in Music Using the Electromyogram and Relative Position Sensing}{}% 9
\BOOKMARK [0][]{section*.28}{Atau Tanaka and R. Benjamin Knapp}{}% 10
\BOOKMARK [0][]{section*.33}{2002: The Plank: Designing a Simple Haptic Controller}{}% 11
\BOOKMARK [0][]{section*.33}{Bill Verplank, Michael Gurevich and Max Mathews}{}% 12
\BOOKMARK [0][]{section*.38}{2003: Contexts of Collaborative Musical Experiences}{}% 13
\BOOKMARK [0][]{section*.38}{Tina Blaine and Sidney Fels}{}% 14
\BOOKMARK [0][]{section*.43}{2003: Sonigraphical Instruments: From FMOL to the reacTable*}{}% 15
\BOOKMARK [0][]{section*.43}{Sergi Jord\340}{}% 16
\BOOKMARK [0][]{section*.48}{2003: Designing, Playing, and Performing with a Vision-based Mouth Interface}{}% 17
\BOOKMARK [0][]{section*.48}{Michael J. Lyons, Michael H\344hnel, and Nobuji Tetsutani}{}% 18
\BOOKMARK [0][]{section*.53}{2003: OpenSound Control: State of the Art 2003}{}% 19
\BOOKMARK [0][]{section*.53}{Matthew Wright, Adrian Freed and Ali Momeni}{}% 20
\BOOKMARK [0][]{section*.58}{2004: The Electronic Sitar Controller}{}% 21
\BOOKMARK [0][]{section*.58}{Ajay Kapur, Ariel J. Lazier, Philip Davidson, R. Scott Wilson and Perry R. Cook}{}% 22
\BOOKMARK [0][]{section*.63}{2004: PebbleBox and CrumbleBag: Tactile Interfaces for Granular Synthesis}{}% 23
\BOOKMARK [0][]{section*.63}{Sile O'Modhrain and Georg Essl}{}% 24
\BOOKMARK [0][]{section*.68}{2004: Toward a Generalized Friction Controller: From the Bowed String to Unusual Musical Instruments}{}% 25
\BOOKMARK [0][]{section*.68}{Stefania Serafin and Diana Young}{}% 26
\BOOKMARK [0][]{section*.73}{2004: On-the-fly Programming: Using Code as an Expressive Musical Instrument}{}% 27
\BOOKMARK [0][]{section*.73}{Ge Wang and Perry R. Cook}{}% 28
\BOOKMARK [0][]{section*.78}{2005: Towards a Dimension Space for Musical Devices}{}% 29
\BOOKMARK [0][]{section*.78}{David Birnbaum, Rebecca Fiebrink, Joseph Malloch, and Marcelo M. Wanderley}{}% 30
\BOOKMARK [0][]{section*.83}{2005: The Overtone Violin}{}% 31
\BOOKMARK [0][]{section*.83}{Dan Overholt}{}% 32
\BOOKMARK [0][]{section*.88}{2006: Sensemble: A Wireless, Compact, Multi-User Sensor System for Interactive Dance}{}% 33
\BOOKMARK [0][]{section*.88}{Ryan Aylward and Joseph A. Paradiso}{}% 34
\BOOKMARK [0][]{section*.93}{2006: Mobile Music Technology: Report on an Emerging Community}{}% 35
\BOOKMARK [0][]{section*.93}{Lalya Gaye, Lars Erik Holmquist, Frauke Behrendt and Atau Tanaka}{}% 36
\BOOKMARK [0][]{section*.98}{2007: Wireless Sensor Interface and Gesture-Follower for Music Pedagogy}{}% 37
\BOOKMARK [0][]{section*.98}{Frederic Bevilacqua, Fabrice Gu\351dy, Norbert Schnell, Emmanuel Fl\351ty, Nicolas Leroy}{}% 38
\BOOKMARK [0][]{section*.103}{2007: Don't Forget the Laptop: Using Native Input Capabilities for Expressive Musical Control}{}% 39
\BOOKMARK [0][]{section*.103}{Rebecca Fiebrink, Ge Wang and Perry R. Cook}{}% 40
\BOOKMARK [0][]{section*.108}{2007: Expression and its Discontents: Toward an Ecology of Musical Creation}{}% 41
\BOOKMARK [0][]{section*.108}{Michael Gurevich and Jeffrey Trevi\361o}{}% 42
\BOOKMARK [0][]{section*.113}{2007: The Acoustic, the Digital and the Body: A Survey on Musical Instruments}{}% 43
\BOOKMARK [0][]{section*.113}{Thor Magnusson and Enrike Hurtado}{}% 44
\BOOKMARK [0][]{section*.118}{2008: Eight Years of Practice on the Hyper-Flute: Technological and Musical Perspectives}{}% 45
\BOOKMARK [0][]{section*.118}{Cl\351o Palacio-Quintin}{}% 46
\BOOKMARK [0][]{section*.123}{2009: A History of Hemispherical Speakers at Princeton, Plus a DIY Guide}{}% 47
\BOOKMARK [0][]{section*.123}{Scott Smallwood, Perry Cook, Dan Trueman and Lawrence McIntyre}{}% 48
\BOOKMARK [0][]{section*.128}{2011: Satellite CCRMA: A Musical Interaction and Sound Synthesis Platform}{}% 49
\BOOKMARK [0][]{section*.128}{Edgar Berdahl and Wendy Ju}{}% 50
\BOOKMARK [0][]{section*.133}{2012: The Fingerphone: a Case Study of Sustainable Instrument Redesign}{}% 51
\BOOKMARK [0][]{section*.133}{Adrian Freed}{}% 52
\BOOKMARK [0][]{section*.138}{2012: To be inside someone else's dream: Music for Sleeping \046 Waking Minds}{}% 53
\BOOKMARK [0][]{section*.138}{Gascia Ouzounian, R. Benjamin Knapp, Eric Lyon and R. Luke DuBois}{}% 54
\BOOKMARK [0][]{section*.143}{2012: TouchKeys: Capacitive Multi-Touch Sensing on a Physical Keyboard}{}% 55
\BOOKMARK [0][]{section*.143}{Andrew McPherson}{}% 56
\BOOKMARK [0][]{section*.148}{2013: The Web Browser As Synthesizer And Interface}{}% 57
\BOOKMARK [0][]{section*.148}{Charles Roberts, Graham Wakefield, Matthew Wright}{}% 58
\BOOKMARK [0][]{section*.153}{2014: To Gesture or Not? An Analysis of Terminology in NIME Proceedings 2001\2052013}{}% 59
\BOOKMARK [0][]{section*.153}{Alexander Refsum Jensenius}{}% 60
\BOOKMARK [0][]{section*.158}{2015: Fourteen Years of NIME: The Value and Meaning of `Community' in Interactive Music Research}{}% 61
\BOOKMARK [0][]{section*.158}{Adnan Marquez-Borbon and Paul Stapleton}{}% 62
\BOOKMARK [0][]{chapter*.163}{Glossary}{}% 63
\BOOKMARK [0][]{chapter*.225}{References}{}% 64
